# JRE version: OpenJDK Runtime Environment (7.0_65-b32) (build 1.7.0_65-b32)
# Java VM: OpenJDK 64-Bit Server VM (24.65-b04 mixed mode linux-amd64 compressed oops)
Heap
 PSYoungGen      total 86528K, used 22001K [0x00000000eaa80000, 0x00000000f1480000, 0x0000000100000000)
  eden space 64512K, 0% used [0x00000000eaa80000,0x00000000eaa80000,0x00000000ee980000)
  from space 22016K, 99% used [0x00000000ee980000,0x00000000efefc458,0x00000000eff00000)
  to   space 21504K, 0% used [0x00000000eff80000,0x00000000eff80000,0x00000000f1480000)
 ParOldGen       total 84480K, used 43844K [0x00000000c0000000, 0x00000000c5280000, 0x00000000eaa80000)
  object space 84480K, 51% used [0x00000000c0000000,0x00000000c2ad10b8,0x00000000c5280000)
 PSPermGen       total 21504K, used 7210K [0x00000000b5a00000, 0x00000000b6f00000, 0x00000000c0000000)
  object space 21504K, 33% used [0x00000000b5a00000,0x00000000b610a858,0x00000000b6f00000)
GC Heap History (10 events):
Event: 2.862 GC heap after
Heap after GC invocations=2 (full 0):
 PSYoungGen      total 37376K, used 5090K [0x00000000eaa80000, 0x00000000ed400000, 0x0000000100000000)
  eden space 32256K, 0% used [0x00000000eaa80000,0x00000000eaa80000,0x00000000eca00000)
  from space 5120K, 99% used [0x00000000ecf00000,0x00000000ed3f8a78,0x00000000ed400000)
  to   space 5120K, 0% used [0x00000000eca00000,0x00000000eca00000,0x00000000ecf00000)
 ParOldGen       total 84480K, used 6104K [0x00000000c0000000, 0x00000000c5280000, 0x00000000eaa80000)
  object space 84480K, 7% used [0x00000000c0000000,0x00000000c05f63f0,0x00000000c5280000)
 PSPermGen       total 21504K, used 5272K [0x00000000b5a00000, 0x00000000b6f00000, 0x00000000c0000000)
  object space 21504K, 24% used [0x00000000b5a00000,0x00000000b5f26170,0x00000000b6f00000)
}
Event: 3.442 GC heap before
{Heap before GC invocations=3 (full 0):
 PSYoungGen      total 37376K, used 37346K [0x00000000eaa80000, 0x00000000ed400000, 0x0000000100000000)
  eden space 32256K, 100% used [0x00000000eaa80000,0x00000000eca00000,0x00000000eca00000)
  from space 5120K, 99% used [0x00000000ecf00000,0x00000000ed3f8a78,0x00000000ed400000)
  to   space 5120K, 0% used [0x00000000eca00000,0x00000000eca00000,0x00000000ecf00000)
 ParOldGen       total 84480K, used 6104K [0x00000000c0000000, 0x00000000c5280000, 0x00000000eaa80000)
  object space 84480K, 7% used [0x00000000c0000000,0x00000000c05f63f0,0x00000000c5280000)
 PSPermGen       total 21504K, used 5311K [0x00000000b5a00000, 0x00000000b6f00000, 0x00000000c0000000)
  object space 21504K, 24% used [0x00000000b5a00000,0x00000000b5f2fe68,0x00000000b6f00000)
Event: 3.449 GC heap after
Heap after GC invocations=3 (full 0):
 PSYoungGen      total 37376K, used 5088K [0x00000000eaa80000, 0x00000000ed400000, 0x0000000100000000)
  eden space 32256K, 0% used [0x00000000eaa80000,0x00000000eaa80000,0x00000000eca00000)
  from space 5120K, 99% used [0x00000000eca00000,0x00000000ecef8038,0x00000000ecf00000)
  to   space 5120K, 0% used [0x00000000ecf00000,0x00000000ecf00000,0x00000000ed400000)
 ParOldGen       total 84480K, used 10165K [0x00000000c0000000, 0x00000000c5280000, 0x00000000eaa80000)
  object space 84480K, 12% used [0x00000000c0000000,0x00000000c09ed710,0x00000000c5280000)
 PSPermGen       total 21504K, used 5311K [0x00000000b5a00000, 0x00000000b6f00000, 0x00000000c0000000)
  object space 21504K, 24% used [0x00000000b5a00000,0x00000000b5f2fe68,0x00000000b6f00000)
}
Event: 6.402 GC heap before
{Heap before GC invocations=4 (full 0):
 PSYoungGen      total 37376K, used 37344K [0x00000000eaa80000, 0x00000000ed400000, 0x0000000100000000)
  eden space 32256K, 100% used [0x00000000eaa80000,0x00000000eca00000,0x00000000eca00000)
  from space 5120K, 99% used [0x00000000eca00000,0x00000000ecef8038,0x00000000ecf00000)
  to   space 5120K, 0% used [0x00000000ecf00000,0x00000000ecf00000,0x00000000ed400000)
 ParOldGen       total 84480K, used 10165K [0x00000000c0000000, 0x00000000c5280000, 0x00000000eaa80000)
  object space 84480K, 12% used [0x00000000c0000000,0x00000000c09ed710,0x00000000c5280000)
 PSPermGen       total 21504K, used 5957K [0x00000000b5a00000, 0x00000000b6f00000, 0x00000000c0000000)
  object space 21504K, 27% used [0x00000000b5a00000,0x00000000b5fd15b0,0x00000000b6f00000)
Event: 6.414 GC heap after
Heap after GC invocations=4 (full 0):
 PSYoungGen      total 37376K, used 5117K [0x00000000eaa80000, 0x00000000ed400000, 0x0000000100000000)
  eden space 32256K, 0% used [0x00000000eaa80000,0x00000000eaa80000,0x00000000eca00000)
  from space 5120K, 99% used [0x00000000ecf00000,0x00000000ed3ff6d8,0x00000000ed400000)
  to   space 5120K, 0% used [0x00000000eca00000,0x00000000eca00000,0x00000000ecf00000)
 ParOldGen       total 84480K, used 13869K [0x00000000c0000000, 0x00000000c5280000, 0x00000000eaa80000)
  object space 84480K, 16% used [0x00000000c0000000,0x00000000c0d8b4f8,0x00000000c5280000)
 PSPermGen       total 21504K, used 5957K [0x00000000b5a00000, 0x00000000b6f00000, 0x00000000c0000000)
  object space 21504K, 27% used [0x00000000b5a00000,0x00000000b5fd15b0,0x00000000b6f00000)
}
Event: 7.270 GC heap before
{Heap before GC invocations=5 (full 0):
 PSYoungGen      total 37376K, used 37373K [0x00000000eaa80000, 0x00000000ed400000, 0x0000000100000000)
  eden space 32256K, 100% used [0x00000000eaa80000,0x00000000eca00000,0x00000000eca00000)
  from space 5120K, 99% used [0x00000000ecf00000,0x00000000ed3ff6d8,0x00000000ed400000)
  to   space 5120K, 0% used [0x00000000eca00000,0x00000000eca00000,0x00000000ecf00000)
 ParOldGen       total 84480K, used 13869K [0x00000000c0000000, 0x00000000c5280000, 0x00000000eaa80000)
  object space 84480K, 16% used [0x00000000c0000000,0x00000000c0d8b4f8,0x00000000c5280000)
 PSPermGen       total 21504K, used 7149K [0x00000000b5a00000, 0x00000000b6f00000, 0x00000000c0000000)
  object space 21504K, 33% used [0x00000000b5a00000,0x00000000b60fb6e8,0x00000000b6f00000)
Event: 7.306 GC heap after
Heap after GC invocations=5 (full 0):
 PSYoungGen      total 37376K, used 5107K [0x00000000eaa80000, 0x00000000f1580000, 0x0000000100000000)
  eden space 32256K, 0% used [0x00000000eaa80000,0x00000000eaa80000,0x00000000eca00000)
  from space 5120K, 99% used [0x00000000eca00000,0x00000000ecefcd30,0x00000000ecf00000)
  to   space 22528K, 0% used [0x00000000eff80000,0x00000000eff80000,0x00000000f1580000)
 ParOldGen       total 84480K, used 35295K [0x00000000c0000000, 0x00000000c5280000, 0x00000000eaa80000)
  object space 84480K, 41% used [0x00000000c0000000,0x00000000c2277c68,0x00000000c5280000)
 PSPermGen       total 21504K, used 7149K [0x00000000b5a00000, 0x00000000b6f00000, 0x00000000c0000000)
  object space 21504K, 33% used [0x00000000b5a00000,0x00000000b60fb6e8,0x00000000b6f00000)
}
Event: 10.341 GC heap before
{Heap before GC invocations=6 (full 0):
 PSYoungGen      total 37376K, used 35445K [0x00000000eaa80000, 0x00000000f1580000, 0x0000000100000000)
  eden space 32256K, 94% used [0x00000000eaa80000,0x00000000ec820808,0x00000000eca00000)
  from space 5120K, 99% used [0x00000000eca00000,0x00000000ecefcd30,0x00000000ecf00000)
  to   space 22528K, 0% used [0x00000000eff80000,0x00000000eff80000,0x00000000f1580000)
 ParOldGen       total 84480K, used 35295K [0x00000000c0000000, 0x00000000c5280000, 0x00000000eaa80000)
  object space 84480K, 41% used [0x00000000c0000000,0x00000000c2277c68,0x00000000c5280000)
 PSPermGen       total 21504K, used 7181K [0x00000000b5a00000, 0x00000000b6f00000, 0x00000000c0000000)
  object space 21504K, 33% used [0x00000000b5a00000,0x00000000b61034b0,0x00000000b6f00000)
Event: 10.659 GC heap after
Heap after GC invocations=6 (full 0):
 PSYoungGen      total 86016K, used 7487K [0x00000000eaa80000, 0x00000000f1480000, 0x0000000100000000)
  eden space 64512K, 0% used [0x00000000eaa80000,0x00000000eaa80000,0x00000000ee980000)
  from space 21504K, 34% used [0x00000000eff80000,0x00000000f06cfd38,0x00000000f1480000)
  to   space 22016K, 0% used [0x00000000ee980000,0x00000000ee980000,0x00000000eff00000)
 ParOldGen       total 84480K, used 35295K [0x00000000c0000000, 0x00000000c5280000, 0x00000000eaa80000)
  object space 84480K, 41% used [0x00000000c0000000,0x00000000c2277c68,0x00000000c5280000)
 PSPermGen       total 21504K, used 7181K [0x00000000b5a00000, 0x00000000b6f00000, 0x00000000c0000000)
  object space 21504K, 33% used [0x00000000b5a00000,0x00000000b61034b0,0x00000000b6f00000)
}
Event: 10.940 GC heap before
{Heap before GC invocations=7 (full 0):
 PSYoungGen      total 86016K, used 71999K [0x00000000eaa80000, 0x00000000f1480000, 0x0000000100000000)
  eden space 64512K, 100% used [0x00000000eaa80000,0x00000000ee980000,0x00000000ee980000)
  from space 21504K, 34% used [0x00000000eff80000,0x00000000f06cfd38,0x00000000f1480000)
  to   space 22016K, 0% used [0x00000000ee980000,0x00000000ee980000,0x00000000eff00000)
 ParOldGen       total 84480K, used 35295K [0x00000000c0000000, 0x00000000c5280000, 0x00000000eaa80000)
  object space 84480K, 41% used [0x00000000c0000000,0x00000000c2277c68,0x00000000c5280000)
 PSPermGen       total 21504K, used 7210K [0x00000000b5a00000, 0x00000000b6f00000, 0x00000000c0000000)
  object space 21504K, 33% used [0x00000000b5a00000,0x00000000b610a858,0x00000000b6f00000)

